  Engine.cpp
C:\Users\GPR\Desktop\Y2_SDLEngine\SDL-Gine\Engine.h(2,10): warning C4067: unexpected tokens following preprocessor directive - expected a newline
C:\Users\GPR\Desktop\Y2_SDLEngine\SDL-Gine\Engine.h(3,10): warning C4067: unexpected tokens following preprocessor directive - expected a newline
C:\Users\GPR\Desktop\Y2_SDLEngine\SDL-Gine\Engine.h(4,10): warning C4067: unexpected tokens following preprocessor directive - expected a newline
C:\Users\GPR\Desktop\Y2_SDLEngine\SDL-Gine\Engine.h(5,10): warning C4067: unexpected tokens following preprocessor directive - expected a newline
C:\Users\GPR\Desktop\Y2_SDLEngine\SDL-Gine\Engine.h(6,10): warning C4067: unexpected tokens following preprocessor directive - expected a newline
C:\Users\GPR\Desktop\Y2_SDLEngine\SDL-Gine\Engine.cpp(5,10): warning C4067: unexpected tokens following preprocessor directive - expected a newline
C:\Users\GPR\Desktop\Y2_SDLEngine\SDL-Gine\Engine.cpp(6,10): warning C4067: unexpected tokens following preprocessor directive - expected a newline
C:\Users\GPR\Desktop\Y2_SDLEngine\SDL-Gine\Engine.cpp(7,10): warning C4067: unexpected tokens following preprocessor directive - expected a newline
C:\Users\GPR\Desktop\Y2_SDLEngine\SDL-Gine\Engine.cpp(8,10): warning C4067: unexpected tokens following preprocessor directive - expected a newline
C:\Users\GPR\Desktop\Y2_SDLEngine\SDL-Gine\Engine.cpp(9,10): warning C4067: unexpected tokens following preprocessor directive - expected a newline
  Image.cpp
  Input.cpp
  Main.cpp
C:\Users\GPR\Desktop\Y2_SDLEngine\SDL-Gine\Engine.h(2,10): warning C4067: unexpected tokens following preprocessor directive - expected a newline
C:\Users\GPR\Desktop\Y2_SDLEngine\SDL-Gine\Engine.h(3,10): warning C4067: unexpected tokens following preprocessor directive - expected a newline
C:\Users\GPR\Desktop\Y2_SDLEngine\SDL-Gine\Engine.h(4,10): warning C4067: unexpected tokens following preprocessor directive - expected a newline
C:\Users\GPR\Desktop\Y2_SDLEngine\SDL-Gine\Engine.h(5,10): warning C4067: unexpected tokens following preprocessor directive - expected a newline
C:\Users\GPR\Desktop\Y2_SDLEngine\SDL-Gine\Engine.h(6,10): warning C4067: unexpected tokens following preprocessor directive - expected a newline
  Mixer.cpp
  Screen.cpp
  Text.cpp
  Generating Code...
  SDL-Gine.vcxproj -> C:\Users\GPR\Desktop\Y2_SDLEngine\x64\Debug\SDL-Gine.exe
